<?xml version="1.0" encoding="UTF-8"?>
<!-- Generated by org.testng.reporters.JUnitReportReporter -->
<testsuite hostname="LAPTOP-9458V6EN" failures="0" tests="2" name="Automation.maven2.InvoiceTest" time="0.001" errors="0" timestamp="2020-10-20T14:16:10 IST" skipped="0">
  <testcase classname="Automation.maven2.InvoiceTest" name="PrintInvoice" time="0.001"/>
  <system-out/>
  <testcase classname="Automation.maven2.InvoiceTest" name="SelectInvoice" time="0.000"/>
  <system-out/>
</testsuite> <!-- Automation.maven2.InvoiceTest -->
