<?xml version="1.0" encoding="UTF-8"?>
<!-- Generated by org.testng.reporters.JUnitReportReporter -->
<testsuite hostname="LAPTOP-9458V6EN" failures="0" tests="2" name="Automation.maven2.SellerTest" time="0.000" errors="0" timestamp="2020-10-20T14:28:32 IST" skipped="0">
  <testcase classname="Automation.maven2.SellerTest" name="SellerEnrollment" time="0.000"/>
  <system-out/>
  <testcase classname="Automation.maven2.SellerTest" name="SellerApproval" time="0.000"/>
  <system-out/>
</testsuite> <!-- Automation.maven2.SellerTest -->
